<?xml version="1.0" encoding="UTF-8"?>
<!-- Generated by org.testng.reporters.JUnitXMLReporter -->
<testsuite hostname="DESKTOP-1NGQHJ2" ignored="0" name="Default test" tests="3" failures="0" timestamp="2023-01-25T19:21:34 IST" time="26.034" errors="0">
  <testcase name="tc01" time="2.024" classname="testClasses.LoginTest"/>
  <testcase name="tco2" time="6.234" classname="testClasses.LoginTest"/>
  <testcase name="tc03" time="5.491" classname="testClasses.LoginTest"/>
</testsuite> <!-- Default test -->
